
Showing logs for build [32mcb-kubecd-environment-pr-201-2-xvj65-1[0m stage [32mfrom-build-pack[0m and container [32mstep-credential-initializer-7x9mk[0m
{"level":"warn","ts":1586947891.0168207,"logger":"fallback-logger","caller":"logging/config.go:69","msg":"Fetch GitHub commit ID from kodata failed: \"ref: refs/heads/0.8.0-**-support-backwards-incompats\" is not a valid GitHub commit ID"}
{"level":"info","ts":1586947891.0176358,"logger":"fallback-logger","caller":"creds-init/main.go:40","msg":"Credentials initialized."}

Showing logs for build [32mcb-kubecd-environment-pr-201-2-xvj65-1[0m stage [32mfrom-build-pack[0m and container [32mstep-working-dir-initializer-dt7j2[0m
{"level":"warn","ts":1586947891.8992682,"logger":"fallback-logger","caller":"logging/config.go:69","msg":"Fetch GitHub commit ID from kodata failed: open /var/run/ko/HEAD: no such file or directory"}
{"level":"info","ts":1586947891.9007854,"logger":"fallback-logger","caller":"bash/main.go:64","msg":"Successfully executed command \"sh -c mkdir -p /workspace/source\"; output "}

Showing logs for build [32mcb-kubecd-environment-pr-201-2-xvj65-1[0m stage [32mfrom-build-pack[0m and container [32mstep-place-tools[0m

Showing logs for build [32mcb-kubecd-environment-pr-201-2-xvj65-1[0m stage [32mfrom-build-pack[0m and container [32mstep-git-source-cb-kubecd-environment-pr-201-2-xvj65-nlbg9[0m
{"level":"warn","ts":1586947898.0307086,"logger":"fallback-logger","caller":"logging/config.go:69","msg":"Fetch GitHub commit ID from kodata failed: \"ref: refs/heads/0.8.0-**-support-backwards-incompats\" is not a valid GitHub commit ID"}
{"level":"info","ts":1586947899.0710602,"logger":"fallback-logger","caller":"git/git.go:103","msg":"Successfully cloned https://github.com/cb-kubecd/environment-pr-201-2-boot-vault-gke-production.git @ master in path /workspace/source"}

Showing logs for build [32mcb-kubecd-environment-pr-201-2-xvj65-1[0m stage [32mfrom-build-pack[0m and container [32mstep-git-merge[0m
Using SHAs from PULL_REFS=master:70464c62a42344d08c3f341bfb9792b9a6d8495c,1:7bb678249f6f1b0c6096ddc0298dee2fcfd9db51
DEBUG: LC_ALL=C JX_LOG_LEVEL=error git fetch origin --unshallow 7bb678249f6f1b0c6096ddc0298dee2fcfd9db51: 70464c62a42344d08c3f341bfb9792b9a6d8495c:
DEBUG: ran git fetch --unshallow origin 7bb678249f6f1b0c6096ddc0298dee2fcfd9db51: 70464c62a42344d08c3f341bfb9792b9a6d8495c: in 
DEBUG: LC_ALL=C JX_LOG_LEVEL=error git branch
DEBUG: JX_LOG_LEVEL=error LC_ALL=C git checkout master
DEBUG: ran git checkout master in 
DEBUG: LC_ALL=C JX_LOG_LEVEL=error git reset --hard 70464c62a42344d08c3f341bfb9792b9a6d8495c
DEBUG: ran git reset --hard 70464c62a42344d08c3f341bfb9792b9a6d8495c in 
DEBUG: JX_LOG_LEVEL=error LC_ALL=C git clean -fd .
DEBUG: ran clean --force -d . in 
DEBUG: LC_ALL=C JX_LOG_LEVEL=error git merge 7bb678249f6f1b0c6096ddc0298dee2fcfd9db51
DEBUG: ran git merge 7bb678249f6f1b0c6096ddc0298dee2fcfd9db51 in 
DEBUG: LC_ALL=C JX_LOG_LEVEL=error git log --format=%H%x1f%an%x1f%ae%x1f%cn%x1f%ce%x1f%s%n%b%x1e 70464c62a42344d08c3f341bfb9792b9a6d8495c..HEAD
Merged SHA 7bb678249f6f1b0c6096ddc0298dee2fcfd9db51 with commit message 'chore: Promote bdd-spring-1586946573 to version 0.0.1' into base branch master

Showing logs for build [32mcb-kubecd-environment-pr-201-2-xvj65-1[0m stage [32mfrom-build-pack[0m and container [32mstep-build-helm-build[0m
WARNING: No $CHART_REPOSITORY defined so using the default value of: http://jenkins-x-chartmuseum:8080
Adding missing Helm repo: storage.googleapis.com https://storage.googleapis.com/chartmuseum.jenkins-x.io
WARNING: No secrets found on "helm/repos" due: reading the secret "helm/repos" from vault: no secret "helm/repos" not found in vault
Read credentials for https://storage.googleapis.com/chartmuseum.jenkins-x.io from vault helm/repos
Successfully added Helm repository storage.googleapis.com.
Adding missing Helm repo: jenkins-x-chartmuseum http://jenkins-x-chartmuseum:8080
WARNING: No secrets found on "helm/repos" due: reading the secret "helm/repos" from vault: no secret "helm/repos" not found in vault
Read credentials for http://jenkins-x-chartmuseum:8080 from vault helm/repos
Successfully added Helm repository jenkins-x-chartmuseum.
WARNING: No $CHART_REPOSITORY defined so using the default value of: http://jenkins-x-chartmuseum:8080
Adding missing Helm repo: chartmuseum.jenkins-x.io http://chartmuseum.jenkins-x.io
WARNING: No secrets found on "helm/repos" due: reading the secret "helm/repos" from vault: no secret "helm/repos" not found in vault
Read credentials for http://chartmuseum.jenkins-x.io from vault helm/repos
Successfully added Helm repository chartmuseum.jenkins-x.io.
